[2025-01-28 11:35:40 STDOUT]: sysbench 1.1.0-de18a03 (using bundled LuaJIT 2.1.0-beta3)
[2025-01-28 11:35:40 STDOUT]: 
[2025-01-28 11:35:40 STDOUT]: Running the test with following options:
[2025-01-28 11:35:40 STDOUT]: Number of threads: 1
[2025-01-28 11:35:40 STDOUT]: Report intermediate results every 10 second(s)
[2025-01-28 11:35:40 STDOUT]: Initializing random number generator from current time
[2025-01-28 11:35:40 STDOUT]: 
[2025-01-28 11:35:40 STDOUT]: 
[2025-01-28 11:35:40 STDOUT]: Initializing worker threads...
[2025-01-28 11:35:40 STDOUT]: 
[2025-01-28 11:35:40 STDOUT]: Threads started!
[2025-01-28 11:35:40 STDOUT]: 
[2025-01-28 11:35:50 STDOUT]: [ 10s ] thds: 1 tps: 46.09 qps: 738.86 (r/w/o: 646.58/0.00/92.28) lat (ms,95%): 26.20 err/s: 0.00 reconn/s: 0.00
[2025-01-28 11:36:00 STDOUT]: [ 20s ] thds: 1 tps: 46.30 qps: 740.02 (r/w/o: 647.42/0.00/92.60) lat (ms,95%): 25.74 err/s: 0.00 reconn/s: 0.00
[2025-01-28 11:36:10 STDOUT]: [ 30s ] thds: 1 tps: 46.30 qps: 741.30 (r/w/o: 648.70/0.00/92.60) lat (ms,95%): 26.20 err/s: 0.00 reconn/s: 0.00
[2025-01-28 11:36:20 STDOUT]: [ 40s ] thds: 1 tps: 46.90 qps: 750.20 (r/w/o: 656.40/0.00/93.80) lat (ms,95%): 25.28 err/s: 0.00 reconn/s: 0.00
[2025-01-28 11:36:30 STDOUT]: [ 50s ] thds: 1 tps: 47.50 qps: 760.40 (r/w/o: 665.40/0.00/95.00) lat (ms,95%): 25.28 err/s: 0.00 reconn/s: 0.00
[2025-01-28 11:36:40 STDOUT]: [ 60s ] thds: 1 tps: 47.10 qps: 753.40 (r/w/o: 659.20/0.00/94.20) lat (ms,95%): 25.28 err/s: 0.00 reconn/s: 0.00
[2025-01-28 11:36:50 STDOUT]: [ 70s ] thds: 1 tps: 46.50 qps: 743.10 (r/w/o: 650.10/0.00/93.00) lat (ms,95%): 25.74 err/s: 0.00 reconn/s: 0.00
[2025-01-28 11:37:00 STDOUT]: [ 80s ] thds: 1 tps: 46.90 qps: 751.30 (r/w/o: 657.50/0.00/93.80) lat (ms,95%): 26.68 err/s: 0.00 reconn/s: 0.00
[2025-01-28 11:37:10 STDOUT]: [ 90s ] thds: 1 tps: 47.00 qps: 752.30 (r/w/o: 658.30/0.00/94.00) lat (ms,95%): 25.28 err/s: 0.00 reconn/s: 0.00
[2025-01-28 11:37:20 STDOUT]: [ 100s ] thds: 1 tps: 47.10 qps: 753.60 (r/w/o: 659.40/0.00/94.20) lat (ms,95%): 25.28 err/s: 0.00 reconn/s: 0.00
[2025-01-28 11:37:30 STDOUT]: [ 110s ] thds: 1 tps: 48.40 qps: 774.10 (r/w/o: 677.30/0.00/96.80) lat (ms,95%): 24.83 err/s: 0.00 reconn/s: 0.00
[2025-01-28 11:37:40 STDOUT]: [ 120s ] thds: 1 tps: 48.10 qps: 769.00 (r/w/o: 672.80/0.00/96.20) lat (ms,95%): 26.20 err/s: 0.00 reconn/s: 0.00
[2025-01-28 11:37:50 STDOUT]: [ 130s ] thds: 1 tps: 48.20 qps: 771.60 (r/w/o: 675.20/0.00/96.40) lat (ms,95%): 25.28 err/s: 0.00 reconn/s: 0.00
[2025-01-28 11:38:00 STDOUT]: [ 140s ] thds: 1 tps: 47.90 qps: 766.60 (r/w/o: 670.80/0.00/95.80) lat (ms,95%): 25.74 err/s: 0.00 reconn/s: 0.00
[2025-01-28 11:38:10 STDOUT]: [ 150s ] thds: 1 tps: 48.10 qps: 769.50 (r/w/o: 673.30/0.00/96.20) lat (ms,95%): 24.38 err/s: 0.00 reconn/s: 0.00
[2025-01-28 11:38:20 STDOUT]: [ 160s ] thds: 1 tps: 50.00 qps: 800.20 (r/w/o: 700.20/0.00/100.00) lat (ms,95%): 23.52 err/s: 0.00 reconn/s: 0.00
[2025-01-28 11:38:30 STDOUT]: [ 170s ] thds: 1 tps: 50.80 qps: 812.10 (r/w/o: 710.50/0.00/101.60) lat (ms,95%): 22.28 err/s: 0.00 reconn/s: 0.00
[2025-01-28 11:38:40 STDOUT]: [ 180s ] thds: 1 tps: 50.60 qps: 810.40 (r/w/o: 709.20/0.00/101.20) lat (ms,95%): 23.10 err/s: 0.00 reconn/s: 0.00
[2025-01-28 11:38:50 STDOUT]: [ 190s ] thds: 1 tps: 52.30 qps: 835.90 (r/w/o: 731.30/0.00/104.60) lat (ms,95%): 22.28 err/s: 0.00 reconn/s: 0.00
[2025-01-28 11:39:00 STDOUT]: [ 200s ] thds: 1 tps: 52.40 qps: 839.40 (r/w/o: 734.60/0.00/104.80) lat (ms,95%): 21.89 err/s: 0.00 reconn/s: 0.00
[2025-01-28 11:39:10 STDOUT]: [ 210s ] thds: 1 tps: 52.50 qps: 840.00 (r/w/o: 735.00/0.00/105.00) lat (ms,95%): 22.28 err/s: 0.00 reconn/s: 0.00
[2025-01-28 11:39:20 STDOUT]: [ 220s ] thds: 1 tps: 53.10 qps: 848.90 (r/w/o: 742.70/0.00/106.20) lat (ms,95%): 21.89 err/s: 0.00 reconn/s: 0.00
[2025-01-28 11:39:30 STDOUT]: [ 230s ] thds: 1 tps: 53.70 qps: 859.30 (r/w/o: 751.90/0.00/107.40) lat (ms,95%): 21.50 err/s: 0.00 reconn/s: 0.00
[2025-01-28 11:39:40 STDOUT]: [ 240s ] thds: 1 tps: 53.10 qps: 850.20 (r/w/o: 744.00/0.00/106.20) lat (ms,95%): 21.50 err/s: 0.00 reconn/s: 0.00
[2025-01-28 11:39:50 STDOUT]: [ 250s ] thds: 1 tps: 52.50 qps: 840.00 (r/w/o: 735.00/0.00/105.00) lat (ms,95%): 22.28 err/s: 0.00 reconn/s: 0.00
[2025-01-28 11:40:00 STDOUT]: [ 260s ] thds: 1 tps: 52.40 qps: 838.30 (r/w/o: 733.50/0.00/104.80) lat (ms,95%): 22.69 err/s: 0.00 reconn/s: 0.00
[2025-01-28 11:40:10 STDOUT]: [ 270s ] thds: 1 tps: 52.10 qps: 833.40 (r/w/o: 729.20/0.00/104.20) lat (ms,95%): 22.28 err/s: 0.00 reconn/s: 0.00
[2025-01-28 11:40:20 STDOUT]: [ 280s ] thds: 1 tps: 52.40 qps: 838.00 (r/w/o: 733.20/0.00/104.80) lat (ms,95%): 22.28 err/s: 0.00 reconn/s: 0.00
[2025-01-28 11:40:30 STDOUT]: [ 290s ] thds: 1 tps: 52.40 qps: 838.90 (r/w/o: 734.10/0.00/104.80) lat (ms,95%): 22.28 err/s: 0.00 reconn/s: 0.00
[2025-01-28 11:40:40 STDOUT]: [ 300s ] thds: 1 tps: 52.30 qps: 836.30 (r/w/o: 731.70/0.00/104.60) lat (ms,95%): 22.28 err/s: 0.00 reconn/s: 0.00
[2025-01-28 11:40:50 STDOUT]: [ 310s ] thds: 1 tps: 50.50 qps: 807.50 (r/w/o: 706.50/0.00/101.00) lat (ms,95%): 23.52 err/s: 0.00 reconn/s: 0.00
[2025-01-28 11:41:00 STDOUT]: [ 320s ] thds: 1 tps: 50.10 qps: 802.60 (r/w/o: 702.40/0.00/100.20) lat (ms,95%): 23.52 err/s: 0.00 reconn/s: 0.00
[2025-01-28 11:41:10 STDOUT]: [ 330s ] thds: 1 tps: 49.80 qps: 796.90 (r/w/o: 697.30/0.00/99.60) lat (ms,95%): 23.95 err/s: 0.00 reconn/s: 0.00
[2025-01-28 11:41:20 STDOUT]: [ 340s ] thds: 1 tps: 49.90 qps: 798.50 (r/w/o: 698.70/0.00/99.80) lat (ms,95%): 24.83 err/s: 0.00 reconn/s: 0.00
[2025-01-28 11:41:30 STDOUT]: [ 350s ] thds: 1 tps: 49.80 qps: 796.50 (r/w/o: 696.90/0.00/99.60) lat (ms,95%): 23.95 err/s: 0.00 reconn/s: 0.00
[2025-01-28 11:41:40 STDOUT]: [ 360s ] thds: 1 tps: 49.50 qps: 792.20 (r/w/o: 693.20/0.00/99.00) lat (ms,95%): 23.95 err/s: 0.00 reconn/s: 0.00
[2025-01-28 11:41:50 STDOUT]: [ 370s ] thds: 1 tps: 49.10 qps: 784.60 (r/w/o: 686.40/0.00/98.20) lat (ms,95%): 24.83 err/s: 0.00 reconn/s: 0.00
[2025-01-28 11:42:00 STDOUT]: [ 380s ] thds: 1 tps: 47.20 qps: 755.60 (r/w/o: 661.20/0.00/94.40) lat (ms,95%): 26.20 err/s: 0.00 reconn/s: 0.00
[2025-01-28 11:42:10 STDOUT]: [ 390s ] thds: 1 tps: 46.30 qps: 741.50 (r/w/o: 648.90/0.00/92.60) lat (ms,95%): 26.20 err/s: 0.00 reconn/s: 0.00
[2025-01-28 11:42:20 STDOUT]: [ 400s ] thds: 1 tps: 46.10 qps: 736.30 (r/w/o: 644.10/0.00/92.20) lat (ms,95%): 26.68 err/s: 0.00 reconn/s: 0.00
[2025-01-28 11:42:30 STDOUT]: [ 410s ] thds: 1 tps: 46.40 qps: 743.50 (r/w/o: 650.70/0.00/92.80) lat (ms,95%): 26.20 err/s: 0.00 reconn/s: 0.00
[2025-01-28 11:42:40 STDOUT]: [ 420s ] thds: 1 tps: 46.30 qps: 741.00 (r/w/o: 648.40/0.00/92.60) lat (ms,95%): 26.20 err/s: 0.00 reconn/s: 0.00
[2025-01-28 11:42:50 STDOUT]: [ 430s ] thds: 1 tps: 45.70 qps: 731.00 (r/w/o: 639.60/0.00/91.40) lat (ms,95%): 26.68 err/s: 0.00 reconn/s: 0.00
[2025-01-28 11:43:00 STDOUT]: [ 440s ] thds: 1 tps: 45.00 qps: 720.20 (r/w/o: 630.20/0.00/90.00) lat (ms,95%): 27.17 err/s: 0.00 reconn/s: 0.00
[2025-01-28 11:43:10 STDOUT]: [ 450s ] thds: 1 tps: 44.10 qps: 704.50 (r/w/o: 616.30/0.00/88.20) lat (ms,95%): 28.16 err/s: 0.00 reconn/s: 0.00
[2025-01-28 11:43:20 STDOUT]: [ 460s ] thds: 1 tps: 44.00 qps: 705.10 (r/w/o: 617.10/0.00/88.00) lat (ms,95%): 27.17 err/s: 0.00 reconn/s: 0.00
[2025-01-28 11:43:30 STDOUT]: [ 470s ] thds: 1 tps: 44.30 qps: 708.10 (r/w/o: 619.50/0.00/88.60) lat (ms,95%): 27.66 err/s: 0.00 reconn/s: 0.00
[2025-01-28 11:43:40 STDOUT]: [ 480s ] thds: 1 tps: 43.40 qps: 694.90 (r/w/o: 608.10/0.00/86.80) lat (ms,95%): 28.67 err/s: 0.00 reconn/s: 0.00
[2025-01-28 11:43:50 STDOUT]: [ 490s ] thds: 1 tps: 43.70 qps: 699.40 (r/w/o: 612.00/0.00/87.40) lat (ms,95%): 28.16 err/s: 0.00 reconn/s: 0.00
[2025-01-28 11:44:00 STDOUT]: [ 500s ] thds: 1 tps: 43.20 qps: 690.40 (r/w/o: 604.00/0.00/86.40) lat (ms,95%): 28.67 err/s: 0.00 reconn/s: 0.00
[2025-01-28 11:44:10 STDOUT]: [ 510s ] thds: 1 tps: 44.20 qps: 707.80 (r/w/o: 619.40/0.00/88.40) lat (ms,95%): 28.16 err/s: 0.00 reconn/s: 0.00
[2025-01-28 11:44:20 STDOUT]: [ 520s ] thds: 1 tps: 43.80 qps: 699.70 (r/w/o: 612.10/0.00/87.60) lat (ms,95%): 28.67 err/s: 0.00 reconn/s: 0.00
[2025-01-28 11:44:30 STDOUT]: [ 530s ] thds: 1 tps: 43.80 qps: 700.80 (r/w/o: 613.20/0.00/87.60) lat (ms,95%): 28.67 err/s: 0.00 reconn/s: 0.00
[2025-01-28 11:44:40 STDOUT]: [ 540s ] thds: 1 tps: 44.30 qps: 708.90 (r/w/o: 620.30/0.00/88.60) lat (ms,95%): 28.16 err/s: 0.00 reconn/s: 0.00
[2025-01-28 11:44:50 STDOUT]: [ 550s ] thds: 1 tps: 43.50 qps: 696.50 (r/w/o: 609.50/0.00/87.00) lat (ms,95%): 28.67 err/s: 0.00 reconn/s: 0.00
[2025-01-28 11:45:00 STDOUT]: [ 560s ] thds: 1 tps: 43.00 qps: 687.40 (r/w/o: 601.40/0.00/86.00) lat (ms,95%): 28.67 err/s: 0.00 reconn/s: 0.00
[2025-01-28 11:45:10 STDOUT]: [ 570s ] thds: 1 tps: 43.00 qps: 689.00 (r/w/o: 603.00/0.00/86.00) lat (ms,95%): 29.19 err/s: 0.00 reconn/s: 0.00
[2025-01-28 11:45:20 STDOUT]: [ 580s ] thds: 1 tps: 43.20 qps: 691.20 (r/w/o: 604.80/0.00/86.40) lat (ms,95%): 29.19 err/s: 0.00 reconn/s: 0.00
[2025-01-28 11:45:30 STDOUT]: [ 590s ] thds: 1 tps: 43.40 qps: 693.80 (r/w/o: 607.00/0.00/86.80) lat (ms,95%): 28.16 err/s: 0.00 reconn/s: 0.00
[2025-01-28 11:45:40 STDOUT]: [ 600s ] thds: 1 tps: 42.40 qps: 679.10 (r/w/o: 594.30/0.00/84.80) lat (ms,95%): 28.67 err/s: 0.00 reconn/s: 0.00
[2025-01-28 11:45:40 STDOUT]: SQL statistics:
[2025-01-28 11:45:40 STDOUT]:     queries performed:
[2025-01-28 11:45:40 STDOUT]:         read:                            400414
[2025-01-28 11:45:40 STDOUT]:         write:                           0
[2025-01-28 11:45:40 STDOUT]:         other:                           57202
[2025-01-28 11:45:40 STDOUT]:         total:                           457616
[2025-01-28 11:45:40 STDOUT]:     transactions:                        28601  (47.67 per sec.)
[2025-01-28 11:45:40 STDOUT]:     queries:                             457616 (762.68 per sec.)
[2025-01-28 11:45:40 STDOUT]:     ignored errors:                      0      (0.00 per sec.)
[2025-01-28 11:45:40 STDOUT]:     reconnects:                          0      (0.00 per sec.)
[2025-01-28 11:45:40 STDOUT]: 
[2025-01-28 11:45:40 STDOUT]: Throughput:
[2025-01-28 11:45:40 STDOUT]:     events/s (eps):                      47.6676
[2025-01-28 11:45:40 STDOUT]:     time elapsed:                        600.0093s
[2025-01-28 11:45:40 STDOUT]:     total number of events:              28601
[2025-01-28 11:45:40 STDOUT]: 
[2025-01-28 11:45:40 STDOUT]: Latency (ms):
[2025-01-28 11:45:40 STDOUT]:          min:                                   14.52
[2025-01-28 11:45:40 STDOUT]:          avg:                                   20.98
[2025-01-28 11:45:40 STDOUT]:          max:                                   66.87
[2025-01-28 11:45:40 STDOUT]:          95th percentile:                       26.20
[2025-01-28 11:45:40 STDOUT]:          sum:                               599980.75
[2025-01-28 11:45:40 STDOUT]: 
[2025-01-28 11:45:40 STDOUT]: Threads fairness:
[2025-01-28 11:45:40 STDOUT]:     events (avg/stddev):           28601.0000/0.00
[2025-01-28 11:45:40 STDOUT]:     execution time (avg/stddev):   599.9807/0.00
[2025-01-28 11:45:40 STDOUT]: 
[2025-01-28 11:45:45 STDOUT]: sysbench 1.1.0-de18a03 (using bundled LuaJIT 2.1.0-beta3)
[2025-01-28 11:45:45 STDOUT]: 
[2025-01-28 11:45:45 STDOUT]: Running the test with following options:
[2025-01-28 11:45:45 STDOUT]: Number of threads: 2
[2025-01-28 11:45:45 STDOUT]: Report intermediate results every 10 second(s)
[2025-01-28 11:45:45 STDOUT]: Initializing random number generator from current time
[2025-01-28 11:45:45 STDOUT]: 
[2025-01-28 11:45:45 STDOUT]: 
[2025-01-28 11:45:45 STDOUT]: Initializing worker threads...
[2025-01-28 11:45:45 STDOUT]: 
[2025-01-28 11:45:45 STDOUT]: Threads started!
[2025-01-28 11:45:45 STDOUT]: 
[2025-01-28 11:45:55 STDOUT]: [ 10s ] thds: 2 tps: 84.28 qps: 1350.76 (r/w/o: 1181.99/0.00/168.77) lat (ms,95%): 29.19 err/s: 0.00 reconn/s: 0.00
[2025-01-28 11:46:05 STDOUT]: [ 20s ] thds: 2 tps: 86.50 qps: 1382.14 (r/w/o: 1209.13/0.00/173.00) lat (ms,95%): 28.16 err/s: 0.00 reconn/s: 0.00
[2025-01-28 11:46:15 STDOUT]: [ 30s ] thds: 2 tps: 83.40 qps: 1336.90 (r/w/o: 1170.10/0.00/166.80) lat (ms,95%): 29.19 err/s: 0.00 reconn/s: 0.00
[2025-01-28 11:46:25 STDOUT]: [ 40s ] thds: 2 tps: 85.30 qps: 1364.70 (r/w/o: 1194.10/0.00/170.60) lat (ms,95%): 29.19 err/s: 0.00 reconn/s: 0.00
[2025-01-28 11:46:35 STDOUT]: [ 50s ] thds: 2 tps: 85.80 qps: 1371.30 (r/w/o: 1199.70/0.00/171.60) lat (ms,95%): 28.16 err/s: 0.00 reconn/s: 0.00
[2025-01-28 11:46:45 STDOUT]: [ 60s ] thds: 2 tps: 86.20 qps: 1379.70 (r/w/o: 1207.30/0.00/172.40) lat (ms,95%): 28.67 err/s: 0.00 reconn/s: 0.00
[2025-01-28 11:46:55 STDOUT]: [ 70s ] thds: 2 tps: 86.20 qps: 1378.10 (r/w/o: 1205.70/0.00/172.40) lat (ms,95%): 28.67 err/s: 0.00 reconn/s: 0.00
[2025-01-28 11:47:05 STDOUT]: [ 80s ] thds: 2 tps: 85.20 qps: 1363.60 (r/w/o: 1193.20/0.00/170.40) lat (ms,95%): 28.67 err/s: 0.00 reconn/s: 0.00
[2025-01-28 11:47:15 STDOUT]: [ 90s ] thds: 2 tps: 83.90 qps: 1342.80 (r/w/o: 1175.00/0.00/167.80) lat (ms,95%): 29.72 err/s: 0.00 reconn/s: 0.00
[2025-01-28 11:47:25 STDOUT]: [ 100s ] thds: 2 tps: 83.90 qps: 1343.60 (r/w/o: 1175.80/0.00/167.80) lat (ms,95%): 30.81 err/s: 0.00 reconn/s: 0.00
[2025-01-28 11:47:35 STDOUT]: [ 110s ] thds: 2 tps: 84.40 qps: 1348.00 (r/w/o: 1179.20/0.00/168.80) lat (ms,95%): 30.81 err/s: 0.00 reconn/s: 0.00
[2025-01-28 11:47:45 STDOUT]: [ 120s ] thds: 2 tps: 85.30 qps: 1365.50 (r/w/o: 1194.90/0.00/170.60) lat (ms,95%): 29.72 err/s: 0.00 reconn/s: 0.00
[2025-01-28 11:47:55 STDOUT]: [ 130s ] thds: 2 tps: 85.40 qps: 1367.80 (r/w/o: 1197.00/0.00/170.80) lat (ms,95%): 30.26 err/s: 0.00 reconn/s: 0.00
[2025-01-28 11:48:05 STDOUT]: [ 140s ] thds: 2 tps: 85.10 qps: 1361.40 (r/w/o: 1191.20/0.00/170.20) lat (ms,95%): 30.26 err/s: 0.00 reconn/s: 0.00
[2025-01-28 11:48:15 STDOUT]: [ 150s ] thds: 2 tps: 86.00 qps: 1375.30 (r/w/o: 1203.30/0.00/172.00) lat (ms,95%): 29.19 err/s: 0.00 reconn/s: 0.00
[2025-01-28 11:48:25 STDOUT]: [ 160s ] thds: 2 tps: 85.70 qps: 1371.50 (r/w/o: 1200.10/0.00/171.40) lat (ms,95%): 30.26 err/s: 0.00 reconn/s: 0.00
[2025-01-28 11:48:35 STDOUT]: [ 170s ] thds: 2 tps: 85.60 qps: 1369.00 (r/w/o: 1197.80/0.00/171.20) lat (ms,95%): 29.72 err/s: 0.00 reconn/s: 0.00
